<?xml version="1.0" encoding="UTF-8"?>
<!-- Generated by org.testng.reporters.JUnitReportReporter -->
<testsuite skipped="0" hostname="MADHAV-PC" name="mqaclickacademy.Mavenjava.SeleniumTest" tests="2" failures="0" timestamp="05 Jun 2020 12:58:28 GMT" time="0.000" errors="0">
  <testcase name="BrowserAutomation" time="0.000" classname="mqaclickacademy.Mavenjava.SeleniumTest"/>
  <testcase name="elementsUi" time="0.000" classname="mqaclickacademy.Mavenjava.SeleniumTest"/>
</testsuite> <!-- mqaclickacademy.Mavenjava.SeleniumTest -->
