<?xml version="1.0" encoding="UTF-8"?>
<!-- Generated by org.testng.reporters.JUnitReportReporter -->
<testsuite skipped="0" hostname="MADHAV-PC" name="mqaclickacademy.Mavenjava.AppiumTest" tests="2" failures="0" timestamp="05 Jun 2020 12:58:28 GMT" time="0.015" errors="0">
  <testcase name="nativeapp" time="0.000" classname="mqaclickacademy.Mavenjava.AppiumTest"/>
  <testcase name="IOSApps" time="0.015" classname="mqaclickacademy.Mavenjava.AppiumTest"/>
</testsuite> <!-- mqaclickacademy.Mavenjava.AppiumTest -->
