<?xml version="1.0" encoding="UTF-8"?>
<!-- Generated by org.testng.reporters.JUnitReportReporter -->
<testsuite skipped="0" hostname="MADHAV-PC" name="mqaclickacademy.Mavenjava.RESTAPITest" tests="2" failures="0" timestamp="05 Jun 2020 17:13:06 GMT" time="0.002" errors="0">
  <testcase name="postJira" time="0.001" classname="mqaclickacademy.Mavenjava.RESTAPITest"/>
  <testcase name="deleteTwitter" time="0.001" classname="mqaclickacademy.Mavenjava.RESTAPITest"/>
</testsuite> <!-- mqaclickacademy.Mavenjava.RESTAPITest -->
